[2023-08-25T07:42:53.749098+02:00] PHP_BASICS.INFO: INSERT INTO `newdata` (description,completed) VALUE (?,?) [] []
[2023-08-25T07:42:53.773577+02:00] PHP_BASICS.INFO: SELECT * FROM  newdata  [] []
[2023-08-25T08:00:43.828532+02:00] PHP_BASICS.INFO: SELECT * FROM  newdata  [] []
[2023-08-25T08:00:47.888416+02:00] PHP_BASICS.INFO: DELETE FROM `newdata`WHERE  id  = 75   [] []
[2023-08-25T08:00:47.909196+02:00] PHP_BASICS.INFO: SELECT * FROM  newdata  [] []
[2023-08-25T08:00:49.598887+02:00] PHP_BASICS.INFO: DELETE FROM `newdata`WHERE  id  = 76   [] []
[2023-08-25T08:00:49.620397+02:00] PHP_BASICS.INFO: SELECT * FROM  newdata  [] []
[2023-08-25T08:00:51.312163+02:00] PHP_BASICS.INFO: DELETE FROM `newdata`WHERE  id  = 77   [] []
[2023-08-25T08:00:51.335770+02:00] PHP_BASICS.INFO: SELECT * FROM  newdata  [] []
[2023-08-25T08:00:52.345872+02:00] PHP_BASICS.INFO: DELETE FROM `newdata`WHERE  id  = 78   [] []
[2023-08-25T08:00:52.383719+02:00] PHP_BASICS.INFO: SELECT * FROM  newdata  [] []
[2023-08-25T08:15:06.417121+02:00] PHP_BASICS.INFO: SELECT * FROM  newdata  [] []
[2023-08-25T08:18:37.540957+02:00] PHP_BASICS.INFO: SELECT * FROM  newdata  [] []
[2023-08-25T08:19:20.701887+02:00] PHP_BASICS.INFO: SELECT * FROM  newdata  [] []
[2023-08-25T08:21:59.831263+02:00] PHP_BASICS.INFO: SELECT * FROM  newdata  [] []
[2023-08-25T08:22:10.823305+02:00] PHP_BASICS.INFO: INSERT INTO `newdata` (description,completed) VALUE (?,?) [] []
[2023-08-25T08:22:10.853919+02:00] PHP_BASICS.INFO: SELECT * FROM  newdata  [] []
[2023-08-25T08:22:17.064129+02:00] PHP_BASICS.INFO: INSERT INTO `newdata` (description,completed) VALUE (?,?) [] []
[2023-08-25T08:22:17.098339+02:00] PHP_BASICS.INFO: SELECT * FROM  newdata  [] []
[2023-08-25T08:22:19.581966+02:00] PHP_BASICS.INFO: UPDATE `newdata` SET completed = ?  WHERE `id` = '79' [] []
[2023-08-25T08:22:19.613682+02:00] PHP_BASICS.INFO: SELECT * FROM  newdata  [] []
[2023-08-25T08:22:20.853919+02:00] PHP_BASICS.INFO: SELECT * FROM  newdata  WHERE completed = 0 [] []
[2023-08-25T08:22:22.020259+02:00] PHP_BASICS.INFO: SELECT * FROM  newdata  WHERE completed = 1 [] []
[2023-08-25T08:22:23.345547+02:00] PHP_BASICS.INFO: SELECT * FROM  newdata  [] []
[2023-08-25T08:22:25.082643+02:00] PHP_BASICS.INFO: DELETE FROM `newdata`WHERE  id  = 79   [] []
[2023-08-25T08:22:25.114542+02:00] PHP_BASICS.INFO: SELECT * FROM  newdata  [] []
